build/app/intermediates/manifest_merge_blame_file/debug/processDebugMainManifest/manifest-merger-blame-debug-report.txt
1<?xml version="1.0" encoding="utf-8"?>
2<manifest xmlns:android="http://schemas.android.com/apk/res/android"
3    package="com.dexbytes.asetize"
4    android:versionCode="1"
5    android:versionName="1.0.0" >
6
7    <uses-sdk
8        android:minSdkVersion="24"
9        android:targetSdkVersion="36" />
10    <!--
11         The INTERNET permission is required for development. Specifically,
12         the Flutter tool needs it to communicate with the running application
13         to allow setting breakpoints, to provide hot reload, etc.
14    -->
15    <uses-permission android:name="android.permission.INTERNET" />
15-->src/main/AndroidManifest.xml:3:5-67
15-->src/main/AndroidManifest.xml:3:22-64
16    <uses-permission android:name="android.permission.RECORD_AUDIO" />
16-->src/main/AndroidManifest.xml:4:5-71
16-->src/main/AndroidManifest.xml:4:22-68
17    <uses-permission android:name="android.permission.RECORD_AUDIO" />
17-->src/main/AndroidManifest.xml:4:5-71
17-->src/main/AndroidManifest.xml:4:22-68
18    <uses-permission android:name="android.permission.ACCESS_NETWORK_STATE" />
18-->src/main/AndroidManifest.xml:5:5-79
18-->src/main/AndroidManifest.xml:5:22-76
19    <uses-permission android:name="android.permission.READ_EXTERNAL_STORAGE" />
19-->src/main/AndroidManifest.xml:6:5-80
19-->src/main/AndroidManifest.xml:6:22-77
20
21    <uses-feature
21-->src/main/AndroidManifest.xml:7:5-83
22        android:name="android.hardware.camera"
22-->src/main/AndroidManifest.xml:7:19-57
23        android:required="true" />
23-->src/main/AndroidManifest.xml:7:58-81
24
25    <uses-permission android:name="android.permission.WRITE_EXTERNAL_STORAGE" />
25-->src/main/AndroidManifest.xml:8:5-81
25-->src/main/AndroidManifest.xml:8:22-78
26    <uses-permission android:name="android.permission.READ_MEDIA_IMAGES" />
26-->src/main/AndroidManifest.xml:9:5-75
26-->src/main/AndroidManifest.xml:9:22-73
27    <uses-permission android:name="android.permission.READ_MEDIA_VIDEO" />
27-->src/main/AndroidManifest.xml:10:5-74
27-->src/main/AndroidManifest.xml:10:22-72
28    <uses-permission android:name="android.permission.READ_CONTACTS" />
28-->src/main/AndroidManifest.xml:12:5-72
28-->src/main/AndroidManifest.xml:12:22-69
29    <uses-permission android:name="android.permission.WRITE_CONTACTS" /> <!-- Provide required visibility configuration for API level 30 and above -->
29-->src/main/AndroidManifest.xml:13:5-73
29-->src/main/AndroidManifest.xml:13:22-70
30    <queries>
30-->src/main/AndroidManifest.xml:81:5-96:15
31
32        <!-- If your app checks for SMS support -->
33        <intent>
33-->src/main/AndroidManifest.xml:83:9-86:18
34            <action android:name="android.intent.action.VIEW" />
34-->src/main/AndroidManifest.xml:84:13-65
34-->src/main/AndroidManifest.xml:84:21-62
35
36            <data android:scheme="sms" />
36-->src/main/AndroidManifest.xml:85:13-42
36-->src/main/AndroidManifest.xml:85:19-39
37        </intent>
38        <!-- If your app checks for call support -->
39        <intent>
39-->src/main/AndroidManifest.xml:88:9-91:18
40            <action android:name="android.intent.action.VIEW" />
40-->src/main/AndroidManifest.xml:84:13-65
40-->src/main/AndroidManifest.xml:84:21-62
41
42            <data android:scheme="tel" />
42-->src/main/AndroidManifest.xml:85:13-42
42-->src/main/AndroidManifest.xml:85:19-39
43        </intent>
44        <!-- If your application checks for inAppBrowserView launch mode support -->
45        <intent>
45-->src/main/AndroidManifest.xml:93:9-95:18
46            <action android:name="android.support.customtabs.action.CustomTabsService" />
46-->src/main/AndroidManifest.xml:94:13-90
46-->src/main/AndroidManifest.xml:94:21-87
47        </intent>
48        <intent>
48-->[:file_picker] AndroidManifest.xml:8:9-12:18
49            <action android:name="android.intent.action.GET_CONTENT" />
49-->[:file_picker] AndroidManifest.xml:9:13-72
49-->[:file_picker] AndroidManifest.xml:9:21-69
50
51            <data android:mimeType="*/*" />
51-->src/main/AndroidManifest.xml:85:13-42
52        </intent>
53        <intent>
53-->[:flutter_contacts_service] AndroidManifest.xml:8:9-10:18
54            <action android:name="android.accounts.AccountAuthenticator" />
54-->[:flutter_contacts_service] AndroidManifest.xml:9:13-76
54-->[:flutter_contacts_service] AndroidManifest.xml:9:21-73
55        </intent> <!-- Allows the app to load an icon corresponding to the custom MIME type. -->
56        <intent>
56-->[:flutter_contacts_service] AndroidManifest.xml:12:9-19:18
57            <action android:name="android.intent.action.VIEW" />
57-->src/main/AndroidManifest.xml:84:13-65
57-->src/main/AndroidManifest.xml:84:21-62
58
59            <data
59-->src/main/AndroidManifest.xml:85:13-42
60                android:host="com.android.contacts"
61                android:mimeType="vnd.android.cursor.item/*"
62                android:scheme="content" />
62-->src/main/AndroidManifest.xml:85:19-39
63        </intent>
64        <intent>
64-->[com.razorpay:standard-core:1.7.1] AndroidManifest.xml:11:9-17:18
65            <action android:name="android.intent.action.VIEW" />
65-->src/main/AndroidManifest.xml:84:13-65
65-->src/main/AndroidManifest.xml:84:21-62
66
67            <data
67-->src/main/AndroidManifest.xml:85:13-42
68                android:mimeType="*/*"
69                android:scheme="*" />
69-->src/main/AndroidManifest.xml:85:19-39
70        </intent>
71        <intent>
71-->[com.razorpay:standard-core:1.7.1] AndroidManifest.xml:18:9-27:18
72            <action android:name="android.intent.action.VIEW" />
72-->src/main/AndroidManifest.xml:84:13-65
72-->src/main/AndroidManifest.xml:84:21-62
73
74            <category android:name="android.intent.category.BROWSABLE" />
74-->[com.razorpay:standard-core:1.7.1] AndroidManifest.xml:21:13-74
74-->[com.razorpay:standard-core:1.7.1] AndroidManifest.xml:21:23-71
75
76            <data
76-->src/main/AndroidManifest.xml:85:13-42
77                android:host="pay"
78                android:mimeType="*/*"
79                android:scheme="upi" />
79-->src/main/AndroidManifest.xml:85:19-39
80        </intent>
81        <intent>
81-->[com.razorpay:standard-core:1.7.1] AndroidManifest.xml:28:9-30:18
82            <action android:name="android.intent.action.MAIN" />
82-->[com.razorpay:standard-core:1.7.1] AndroidManifest.xml:29:13-65
82-->[com.razorpay:standard-core:1.7.1] AndroidManifest.xml:29:21-62
83        </intent>
84        <intent>
84-->[com.razorpay:standard-core:1.7.1] AndroidManifest.xml:31:9-35:18
85            <action android:name="android.intent.action.SEND" />
85-->[com.razorpay:standard-core:1.7.1] AndroidManifest.xml:32:13-65
85-->[com.razorpay:standard-core:1.7.1] AndroidManifest.xml:32:21-62
86
87            <data android:mimeType="*/*" />
87-->src/main/AndroidManifest.xml:85:13-42
88        </intent>
89        <intent>
89-->[com.razorpay:standard-core:1.7.1] AndroidManifest.xml:36:9-38:18
90            <action android:name="rzp.device_token.share" />
90-->[com.razorpay:standard-core:1.7.1] AndroidManifest.xml:37:13-61
90-->[com.razorpay:standard-core:1.7.1] AndroidManifest.xml:37:21-58
91        </intent>
92    </queries>
93
94    <uses-permission android:name="android.permission.WAKE_LOCK" /> <!-- Permissions options for the `notification` group -->
94-->[:firebase_analytics] AndroidManifest.xml:9:5-68
94-->[:firebase_analytics] AndroidManifest.xml:9:22-65
95    <uses-permission android:name="android.permission.POST_NOTIFICATIONS" />
95-->[:firebase_messaging] AndroidManifest.xml:11:5-77
95-->[:firebase_messaging] AndroidManifest.xml:11:22-74
96    <uses-permission android:name="android.permission.USE_BIOMETRIC" />
96-->[:local_auth_android] AndroidManifest.xml:7:5-72
96-->[:local_auth_android] AndroidManifest.xml:7:22-69
97    <uses-permission android:name="android.permission.CAMERA" />
97-->[:simple_barcode_scanner] AndroidManifest.xml:7:5-65
97-->[:simple_barcode_scanner] AndroidManifest.xml:7:22-62
98    <uses-permission android:name="android.permission.FLASHLIGHT" />
98-->[:simple_barcode_scanner] AndroidManifest.xml:11:5-69
98-->[:simple_barcode_scanner] AndroidManifest.xml:11:22-66
99    <uses-permission android:name="android.permission.VIBRATE" /> <!-- Create a unique permission for your app and use it so only your app can receive your OneSignal messages. -->
99-->[:vibration] AndroidManifest.xml:7:5-66
99-->[:vibration] AndroidManifest.xml:7:22-63
100    <permission
100-->[com.onesignal:notifications:5.1.35] AndroidManifest.xml:8:5-10:47
101        android:name="com.dexbytes.asetize.permission.C2D_MESSAGE"
101-->[com.onesignal:notifications:5.1.35] AndroidManifest.xml:9:9-63
102        android:protectionLevel="signature" />
102-->[com.onesignal:notifications:5.1.35] AndroidManifest.xml:10:9-44
103
104    <uses-permission android:name="com.dexbytes.asetize.permission.C2D_MESSAGE" /> <!-- c2dm RECEIVE are basic requirements for push messages through Google's FCM -->
104-->[com.onesignal:notifications:5.1.35] AndroidManifest.xml:12:5-79
104-->[com.onesignal:notifications:5.1.35] AndroidManifest.xml:12:22-76
105    <uses-permission android:name="com.google.android.c2dm.permission.RECEIVE" />
105-->[com.onesignal:notifications:5.1.35] AndroidManifest.xml:17:5-82
105-->[com.onesignal:notifications:5.1.35] AndroidManifest.xml:17:22-79
106    <!--
107 Use to restore notifications the user hasn't interacted with.
108     They could be missed notifications if the user reboots their device if this isn't in place.
109    -->
110    <uses-permission android:name="android.permission.RECEIVE_BOOT_COMPLETED" /> <!-- START: ShortcutBadger -->
110-->[com.onesignal:notifications:5.1.35] AndroidManifest.xml:27:5-81
110-->[com.onesignal:notifications:5.1.35] AndroidManifest.xml:27:22-78
111    <!-- Samsung -->
112    <uses-permission android:name="com.sec.android.provider.badge.permission.READ" />
112-->[com.onesignal:notifications:5.1.35] AndroidManifest.xml:29:5-86
112-->[com.onesignal:notifications:5.1.35] AndroidManifest.xml:29:22-83
113    <uses-permission android:name="com.sec.android.provider.badge.permission.WRITE" /> <!-- HTC -->
113-->[com.onesignal:notifications:5.1.35] AndroidManifest.xml:30:5-87
113-->[com.onesignal:notifications:5.1.35] AndroidManifest.xml:30:22-84
114    <uses-permission android:name="com.htc.launcher.permission.READ_SETTINGS" />
114-->[com.onesignal:notifications:5.1.35] AndroidManifest.xml:31:5-81
114-->[com.onesignal:notifications:5.1.35] AndroidManifest.xml:31:22-78
115    <uses-permission android:name="com.htc.launcher.permission.UPDATE_SHORTCUT" /> <!-- Sony -->
115-->[com.onesignal:notifications:5.1.35] AndroidManifest.xml:32:5-83
115-->[com.onesignal:notifications:5.1.35] AndroidManifest.xml:32:22-80
116    <uses-permission android:name="com.sonyericsson.home.permission.BROADCAST_BADGE" />
116-->[com.onesignal:notifications:5.1.35] AndroidManifest.xml:33:5-88
116-->[com.onesignal:notifications:5.1.35] AndroidManifest.xml:33:22-85
117    <uses-permission android:name="com.sonymobile.home.permission.PROVIDER_INSERT_BADGE" /> <!-- Apex -->
117-->[com.onesignal:notifications:5.1.35] AndroidManifest.xml:34:5-92
117-->[com.onesignal:notifications:5.1.35] AndroidManifest.xml:34:22-89
118    <uses-permission android:name="com.anddoes.launcher.permission.UPDATE_COUNT" /> <!-- Solid -->
118-->[com.onesignal:notifications:5.1.35] AndroidManifest.xml:35:5-84
118-->[com.onesignal:notifications:5.1.35] AndroidManifest.xml:35:22-81
119    <uses-permission android:name="com.majeur.launcher.permission.UPDATE_BADGE" /> <!-- Huawei -->
119-->[com.onesignal:notifications:5.1.35] AndroidManifest.xml:36:5-83
119-->[com.onesignal:notifications:5.1.35] AndroidManifest.xml:36:22-80
120    <uses-permission android:name="com.huawei.android.launcher.permission.CHANGE_BADGE" />
120-->[com.onesignal:notifications:5.1.35] AndroidManifest.xml:37:5-91
120-->[com.onesignal:notifications:5.1.35] AndroidManifest.xml:37:22-88
121    <uses-permission android:name="com.huawei.android.launcher.permission.READ_SETTINGS" />
121-->[com.onesignal:notifications:5.1.35] AndroidManifest.xml:38:5-92
121-->[com.onesignal:notifications:5.1.35] AndroidManifest.xml:38:22-89
122    <uses-permission android:name="com.huawei.android.launcher.permission.WRITE_SETTINGS" /> <!-- ZUK -->
122-->[com.onesignal:notifications:5.1.35] AndroidManifest.xml:39:5-93
122-->[com.onesignal:notifications:5.1.35] AndroidManifest.xml:39:22-90
123    <uses-permission android:name="android.permission.READ_APP_BADGE" /> <!-- OPPO -->
123-->[com.onesignal:notifications:5.1.35] AndroidManifest.xml:40:5-73
123-->[com.onesignal:notifications:5.1.35] AndroidManifest.xml:40:22-70
124    <uses-permission android:name="com.oppo.launcher.permission.READ_SETTINGS" />
124-->[com.onesignal:notifications:5.1.35] AndroidManifest.xml:41:5-82
124-->[com.onesignal:notifications:5.1.35] AndroidManifest.xml:41:22-79
125    <uses-permission android:name="com.oppo.launcher.permission.WRITE_SETTINGS" /> <!-- EvMe -->
125-->[com.onesignal:notifications:5.1.35] AndroidManifest.xml:42:5-83
125-->[com.onesignal:notifications:5.1.35] AndroidManifest.xml:42:22-80
126    <uses-permission android:name="me.everything.badger.permission.BADGE_COUNT_READ" />
126-->[com.onesignal:notifications:5.1.35] AndroidManifest.xml:43:5-88
126-->[com.onesignal:notifications:5.1.35] AndroidManifest.xml:43:22-85
127    <uses-permission android:name="me.everything.badger.permission.BADGE_COUNT_WRITE" />
127-->[com.onesignal:notifications:5.1.35] AndroidManifest.xml:44:5-89
127-->[com.onesignal:notifications:5.1.35] AndroidManifest.xml:44:22-86
128    <uses-permission android:name="android.permission.FOREGROUND_SERVICE" /> <!-- suppress DeprecatedClassUsageInspection -->
128-->[androidx.work:work-runtime:2.10.5] AndroidManifest.xml:26:5-77
128-->[androidx.work:work-runtime:2.10.5] AndroidManifest.xml:26:22-74
129    <uses-permission android:name="android.permission.USE_FINGERPRINT" />
129-->[androidx.biometric:biometric:1.1.0] AndroidManifest.xml:27:5-74
129-->[androidx.biometric:biometric:1.1.0] AndroidManifest.xml:27:22-71
130
131    <uses-feature
131-->[com.google.android.gms:play-services-maps:17.0.0] AndroidManifest.xml:26:5-28:35
132        android:glEsVersion="0x00020000"
132-->[com.google.android.gms:play-services-maps:17.0.0] AndroidManifest.xml:27:9-41
133        android:required="true" />
133-->[com.google.android.gms:play-services-maps:17.0.0] AndroidManifest.xml:28:9-32
134
135    <uses-permission android:name="com.google.android.finsky.permission.BIND_GET_INSTALL_REFERRER_SERVICE" />
135-->[com.google.android.gms:play-services-measurement:23.0.0] AndroidManifest.xml:26:5-110
135-->[com.google.android.gms:play-services-measurement:23.0.0] AndroidManifest.xml:26:22-107
136    <uses-permission android:name="android.permission.ACCESS_ADSERVICES_ATTRIBUTION" />
136-->[com.google.android.gms:play-services-measurement-api:23.0.0] AndroidManifest.xml:26:5-88
136-->[com.google.android.gms:play-services-measurement-api:23.0.0] AndroidManifest.xml:26:22-85
137    <uses-permission android:name="android.permission.ACCESS_ADSERVICES_AD_ID" />
137-->[com.google.android.gms:play-services-measurement-api:23.0.0] AndroidManifest.xml:27:5-82
137-->[com.google.android.gms:play-services-measurement-api:23.0.0] AndroidManifest.xml:27:22-79
138
139    <permission
139-->[androidx.core:core:1.17.0] AndroidManifest.xml:22:5-24:47
140        android:name="com.dexbytes.asetize.DYNAMIC_RECEIVER_NOT_EXPORTED_PERMISSION"
140-->[androidx.core:core:1.17.0] AndroidManifest.xml:23:9-81
141        android:protectionLevel="signature" />
141-->[androidx.core:core:1.17.0] AndroidManifest.xml:24:9-44
142
143    <uses-permission android:name="com.dexbytes.asetize.DYNAMIC_RECEIVER_NOT_EXPORTED_PERMISSION" />
143-->[androidx.core:core:1.17.0] AndroidManifest.xml:26:5-97
143-->[androidx.core:core:1.17.0] AndroidManifest.xml:26:22-94
144    <uses-permission android:name="android.permission.READ_PHONE_STATE" />
144-->[com.razorpay:core:1.0.1] AndroidManifest.xml:9:5-75
144-->[com.razorpay:core:1.0.1] AndroidManifest.xml:9:22-72
145
146    <application
147        android:name="android.app.Application"
148        android:appComponentFactory="androidx.core.app.CoreComponentFactory"
148-->[androidx.core:core:1.17.0] AndroidManifest.xml:28:18-86
149        android:debuggable="true"
150        android:extractNativeLibs="false"
151        android:icon="@mipmap/ic_launcher"
152        android:label="Asetize"
153        android:largeHeap="true"
153-->[:simple_barcode_scanner] AndroidManifest.xml:14:9-33
154        android:theme="@style/Theme.AppCompat.NoActionBar" >
154-->[:simple_barcode_scanner] AndroidManifest.xml:15:9-59
155        <activity
156            android:name="com.dexbytes.asetize.MainActivity"
157            android:configChanges="orientation|keyboardHidden|keyboard|screenSize|smallestScreenSize|locale|layoutDirection|fontScale|screenLayout|density|uiMode"
158            android:exported="true"
159            android:hardwareAccelerated="true"
160            android:launchMode="singleTask"
161            android:theme="@style/LaunchTheme"
162            android:usesCleartextTraffic="true"
163            android:windowSoftInputMode="adjustResize" >
164
165            <!--
166                 Specifies an Android theme to apply to this Activity as soon as
167                 the Android process has started. This theme is visible to the user
168                 while the Flutter UI initializes. After that, this theme continues
169                 to determine the Window background behind the Flutter UI.
170            -->
171            <meta-data
172                android:name="io.flutter.embedding.android.NormalTheme"
173                android:resource="@style/NormalTheme" />
174            <meta-data
175                android:name="com.onesignal.messaging.default_notification_icon"
176                android:resource="@drawable/ic_stat_onesignal_default" />
177            <!--
178                 Displays an Android View that continues showing the launch screen
179                Drawable until Flutter paints its first frame, then this splash
180                screen fades out. A splash screen is useful to avoid any visual
181                gap between the end of Android's launch screen and the painting of
182                Flutter's first frame.
183            -->
184            <intent-filter>
185                <action android:name="android.intent.action.MAIN" />
185-->[com.razorpay:standard-core:1.7.1] AndroidManifest.xml:29:13-65
185-->[com.razorpay:standard-core:1.7.1] AndroidManifest.xml:29:21-62
186
187                <category android:name="android.intent.category.LAUNCHER" />
188            </intent-filter>
189
190            <!-- Using for background notification -->
191            <intent-filter>
192                <action android:name="FLUTTER_NOTIFICATION_CLICK" />
193
194                <category android:name="android.intent.category.DEFAULT" />
194-->[com.razorpay:core:1.0.1] AndroidManifest.xml:19:17-76
194-->[com.razorpay:core:1.0.1] AndroidManifest.xml:19:27-73
195            </intent-filter>
196            <!-- TODO: Add this filter if you want to handle shared images -->
197            <intent-filter>
198                <action android:name="android.intent.action.SEND" />
198-->[com.razorpay:standard-core:1.7.1] AndroidManifest.xml:32:13-65
198-->[com.razorpay:standard-core:1.7.1] AndroidManifest.xml:32:21-62
199
200                <category android:name="android.intent.category.DEFAULT" />
200-->[com.razorpay:core:1.0.1] AndroidManifest.xml:19:17-76
200-->[com.razorpay:core:1.0.1] AndroidManifest.xml:19:27-73
201
202                <data android:mimeType="image/*" />
202-->src/main/AndroidManifest.xml:85:13-42
203            </intent-filter>
204        </activity>
205        <!--
206             Don't delete the meta-data below.
207             This is used by the Flutter tool to generate GeneratedPluginRegistrant.java
208        -->
209        <meta-data
210            android:name="flutterEmbedding"
211            android:value="2" />
212
213        <activity
214            android:name="com.yalantis.ucrop.UCropActivity"
215            android:screenOrientation="portrait"
216            android:theme="@style/Ucrop.CropTheme" />
217
218        <meta-data
219            android:name="com.google.android.geo.API_KEY"
220            android:value="AIzaSyBRvPgYBOxpkyEWXxxqErte182C245iy84" />
221
222        <service
222-->[:firebase_analytics] AndroidManifest.xml:12:9-16:19
223            android:name="com.google.firebase.components.ComponentDiscoveryService"
223-->[:firebase_analytics] AndroidManifest.xml:12:18-89
224            android:directBootAware="true"
224-->[com.google.firebase:firebase-common:22.0.1] AndroidManifest.xml:32:13-43
225            android:exported="false" >
225-->[com.google.firebase:firebase-messaging:25.0.1] AndroidManifest.xml:56:13-37
226            <meta-data
226-->[:firebase_analytics] AndroidManifest.xml:13:13-15:85
227                android:name="com.google.firebase.components:io.flutter.plugins.firebase.analytics.FlutterFirebaseAppRegistrar"
227-->[:firebase_analytics] AndroidManifest.xml:14:17-128
228                android:value="com.google.firebase.components.ComponentRegistrar" />
228-->[:firebase_analytics] AndroidManifest.xml:15:17-82
229            <meta-data
229-->[:firebase_messaging] AndroidManifest.xml:36:13-38:85
230                android:name="com.google.firebase.components:io.flutter.plugins.firebase.messaging.FlutterFirebaseAppRegistrar"
230-->[:firebase_messaging] AndroidManifest.xml:37:17-128
231                android:value="com.google.firebase.components.ComponentRegistrar" />
231-->[:firebase_messaging] AndroidManifest.xml:38:17-82
232            <meta-data
232-->[:firebase_core] AndroidManifest.xml:9:13-11:85
233                android:name="com.google.firebase.components:io.flutter.plugins.firebase.core.FlutterFirebaseCoreRegistrar"
233-->[:firebase_core] AndroidManifest.xml:10:17-124
234                android:value="com.google.firebase.components.ComponentRegistrar" />
234-->[:firebase_core] AndroidManifest.xml:11:17-82
235            <meta-data
235-->[com.google.firebase:firebase-messaging:25.0.1] AndroidManifest.xml:57:13-59:85
236                android:name="com.google.firebase.components:com.google.firebase.messaging.FirebaseMessagingKtxRegistrar"
236-->[com.google.firebase:firebase-messaging:25.0.1] AndroidManifest.xml:58:17-122
237                android:value="com.google.firebase.components.ComponentRegistrar" />
237-->[com.google.firebase:firebase-messaging:25.0.1] AndroidManifest.xml:59:17-82
238            <meta-data
238-->[com.google.firebase:firebase-messaging:25.0.1] AndroidManifest.xml:60:13-62:85
239                android:name="com.google.firebase.components:com.google.firebase.messaging.FirebaseMessagingRegistrar"
239-->[com.google.firebase:firebase-messaging:25.0.1] AndroidManifest.xml:61:17-119
240                android:value="com.google.firebase.components.ComponentRegistrar" />
240-->[com.google.firebase:firebase-messaging:25.0.1] AndroidManifest.xml:62:17-82
241            <meta-data
241-->[com.google.android.gms:play-services-measurement-api:23.0.0] AndroidManifest.xml:33:13-35:85
242                android:name="com.google.firebase.components:com.google.firebase.analytics.connector.internal.AnalyticsConnectorRegistrar"
242-->[com.google.android.gms:play-services-measurement-api:23.0.0] AndroidManifest.xml:34:17-139
243                android:value="com.google.firebase.components.ComponentRegistrar" />
243-->[com.google.android.gms:play-services-measurement-api:23.0.0] AndroidManifest.xml:35:17-82
244            <meta-data
244-->[com.google.firebase:firebase-installations:19.0.1] AndroidManifest.xml:15:13-17:85
245                android:name="com.google.firebase.components:com.google.firebase.installations.FirebaseInstallationsKtxRegistrar"
245-->[com.google.firebase:firebase-installations:19.0.1] AndroidManifest.xml:16:17-130
246                android:value="com.google.firebase.components.ComponentRegistrar" />
246-->[com.google.firebase:firebase-installations:19.0.1] AndroidManifest.xml:17:17-82
247            <meta-data
247-->[com.google.firebase:firebase-installations:19.0.1] AndroidManifest.xml:18:13-20:85
248                android:name="com.google.firebase.components:com.google.firebase.installations.FirebaseInstallationsRegistrar"
248-->[com.google.firebase:firebase-installations:19.0.1] AndroidManifest.xml:19:17-127
249                android:value="com.google.firebase.components.ComponentRegistrar" />
249-->[com.google.firebase:firebase-installations:19.0.1] AndroidManifest.xml:20:17-82
250            <meta-data
250-->[com.google.firebase:firebase-common:22.0.1] AndroidManifest.xml:35:13-37:85
251                android:name="com.google.firebase.components:com.google.firebase.FirebaseCommonKtxRegistrar"
251-->[com.google.firebase:firebase-common:22.0.1] AndroidManifest.xml:36:17-109
252                android:value="com.google.firebase.components.ComponentRegistrar" />
252-->[com.google.firebase:firebase-common:22.0.1] AndroidManifest.xml:37:17-82
253            <meta-data
253-->[com.google.firebase:firebase-datatransport:18.2.0] AndroidManifest.xml:25:13-27:85
254                android:name="com.google.firebase.components:com.google.firebase.datatransport.TransportRegistrar"
254-->[com.google.firebase:firebase-datatransport:18.2.0] AndroidManifest.xml:26:17-115
255                android:value="com.google.firebase.components.ComponentRegistrar" />
255-->[com.google.firebase:firebase-datatransport:18.2.0] AndroidManifest.xml:27:17-82
256        </service>
257        <service
257-->[:firebase_messaging] AndroidManifest.xml:14:9-17:72
258            android:name="io.flutter.plugins.firebase.messaging.FlutterFirebaseMessagingBackgroundService"
258-->[:firebase_messaging] AndroidManifest.xml:15:13-107
259            android:exported="false"
259-->[:firebase_messaging] AndroidManifest.xml:16:13-37
260            android:permission="android.permission.BIND_JOB_SERVICE" />
260-->[:firebase_messaging] AndroidManifest.xml:17:13-69
261        <service
261-->[:firebase_messaging] AndroidManifest.xml:18:9-24:19
262            android:name="io.flutter.plugins.firebase.messaging.FlutterFirebaseMessagingService"
262-->[:firebase_messaging] AndroidManifest.xml:19:13-97
263            android:exported="false" >
263-->[:firebase_messaging] AndroidManifest.xml:20:13-37
264            <intent-filter>
264-->[:firebase_messaging] AndroidManifest.xml:21:13-23:29
265                <action android:name="com.google.firebase.MESSAGING_EVENT" />
265-->[:firebase_messaging] AndroidManifest.xml:22:17-78
265-->[:firebase_messaging] AndroidManifest.xml:22:25-75
266            </intent-filter>
267        </service>
268
269        <receiver
269-->[:firebase_messaging] AndroidManifest.xml:26:9-33:20
270            android:name="io.flutter.plugins.firebase.messaging.FlutterFirebaseMessagingReceiver"
270-->[:firebase_messaging] AndroidManifest.xml:27:13-98
271            android:exported="true"
271-->[:firebase_messaging] AndroidManifest.xml:28:13-36
272            android:permission="com.google.android.c2dm.permission.SEND" >
272-->[:firebase_messaging] AndroidManifest.xml:29:13-73
273            <intent-filter>
273-->[:firebase_messaging] AndroidManifest.xml:30:13-32:29
274                <action android:name="com.google.android.c2dm.intent.RECEIVE" />
274-->[:firebase_messaging] AndroidManifest.xml:31:17-81
274-->[:firebase_messaging] AndroidManifest.xml:31:25-78
275            </intent-filter>
276        </receiver>
277
278        <provider
278-->[:firebase_messaging] AndroidManifest.xml:41:9-45:38
279            android:name="io.flutter.plugins.firebase.messaging.FlutterFirebaseMessagingInitProvider"
279-->[:firebase_messaging] AndroidManifest.xml:42:13-102
280            android:authorities="com.dexbytes.asetize.flutterfirebasemessaginginitprovider"
280-->[:firebase_messaging] AndroidManifest.xml:43:13-88
281            android:exported="false"
281-->[:firebase_messaging] AndroidManifest.xml:44:13-37
282            android:initOrder="99" />
282-->[:firebase_messaging] AndroidManifest.xml:45:13-35
283        <provider
283-->[:image_picker_android] AndroidManifest.xml:9:9-17:20
284            android:name="io.flutter.plugins.imagepicker.ImagePickerFileProvider"
284-->[:image_picker_android] AndroidManifest.xml:10:13-82
285            android:authorities="com.dexbytes.asetize.flutter.image_provider"
285-->[:image_picker_android] AndroidManifest.xml:11:13-74
286            android:exported="false"
286-->[:image_picker_android] AndroidManifest.xml:12:13-37
287            android:grantUriPermissions="true" >
287-->[:image_picker_android] AndroidManifest.xml:13:13-47
288            <meta-data
288-->[:image_picker_android] AndroidManifest.xml:14:13-16:75
289                android:name="android.support.FILE_PROVIDER_PATHS"
289-->[:image_picker_android] AndroidManifest.xml:15:17-67
290                android:resource="@xml/flutter_image_picker_file_paths" />
290-->[:image_picker_android] AndroidManifest.xml:16:17-72
291        </provider> <!-- Trigger Google Play services to install the backported photo picker module. -->
292        <service
292-->[:image_picker_android] AndroidManifest.xml:19:9-31:19
293            android:name="com.google.android.gms.metadata.ModuleDependencies"
293-->[:image_picker_android] AndroidManifest.xml:20:13-78
294            android:enabled="false"
294-->[:image_picker_android] AndroidManifest.xml:21:13-36
295            android:exported="false" >
295-->[:image_picker_android] AndroidManifest.xml:22:13-37
296            <intent-filter>
296-->[:image_picker_android] AndroidManifest.xml:24:13-26:29